<?xml version="1.0" encoding="UTF-8"?>
<!-- Generated by org.testng.reporters.JUnitXMLReporter -->
<testsuite hostname="mmedrano-PC" ignored="0" name="Test" tests="13" failures="0" timestamp="23 Feb 2018 19:10:03 GMT" time="0.078" errors="0">
  <testcase name="@BeforeTest getData" time="0.0" classname="JIRAAPI.Jira">
    <failure type="java.io.FileNotFoundException" message="C:\eclipse-workspace\RESTAssured\src\JIRAResources\env.properties (The system cannot find the path specified)">
      <![CDATA[java.io.FileNotFoundException: C:\eclipse-workspace\RESTAssured\src\JIRAResources\env.properties (The system cannot find the path specified)
at java.io.FileInputStream.open0(Native Method)
at java.io.FileInputStream.open(FileInputStream.java:195)
at java.io.FileInputStream.<init>(FileInputStream.java:138)
at java.io.FileInputStream.<init>(FileInputStream.java:93)
at JIRAAPI.Jira.getData(Jira.java:29)
... Removed 24 stack frames]]>
    </failure>
  </testcase> <!-- @BeforeTest getData -->
  <testcase name="@BeforeTest getData" time="0.0" classname="TWITTERAPI.twitter">
    <skipped/>
  </testcase> <!-- @BeforeTest getData -->
  <testcase name="postData" time="0.0" classname="BasicTests.Basic2">
    <skipped/>
  </testcase> <!-- postData -->
  <testcase name="postanddeleteData" time="0.0" classname="BasicTests.Basic2">
    <skipped/>
  </testcase> <!-- postanddeleteData -->
  <testcase name="Test" time="0.0" classname="BasicTests.Basic5">
    <skipped/>
  </testcase> <!-- Test -->
  <testcase name="Test" time="0.0" classname="BasicTests.TestNG">
    <skipped/>
  </testcase> <!-- Test -->
  <testcase name="commentIssue" time="0.0" classname="JIRAAPI.Jira">
    <skipped/>
  </testcase> <!-- commentIssue -->
  <testcase name="createIssue" time="0.0" classname="JIRAAPI.Jira">
    <skipped/>
  </testcase> <!-- createIssue -->
  <testcase name="deteleIssue" time="0.0" classname="JIRAAPI.Jira">
    <skipped/>
  </testcase> <!-- deteleIssue -->
  <testcase name="updateComment" time="0.0" classname="JIRAAPI.Jira">
    <skipped/>
  </testcase> <!-- updateComment -->
  <testcase name="deleteTweet" time="0.0" classname="TWITTERAPI.twitter">
    <skipped/>
  </testcase> <!-- deleteTweet -->
  <testcase name="getAllTweets" time="0.0" classname="TWITTERAPI.twitter">
    <skipped/>
  </testcase> <!-- getAllTweets -->
  <testcase name="postTweet" time="0.0" classname="TWITTERAPI.twitter">
    <skipped/>
  </testcase> <!-- postTweet -->
  <testcase name="Test" time="0.0" classname="BasicTests.Basic4XML">
    <skipped/>
  </testcase> <!-- Test -->
  <testcase name="postanddeleteData" time="0.0" classname="BasicTests.Basic4XML">
    <skipped/>
  </testcase> <!-- postanddeleteData -->
</testsuite> <!-- Test -->
