<?xml version="1.0" encoding="UTF-8"?>
<!-- Generated by org.testng.reporters.JUnitXMLReporter -->
<testsuite hostname="mmedrano-PC" ignored="0" name="Test" tests="15" failures="3" timestamp="27 Feb 2018 17:12:34 GMT" time="12.206" errors="0">
  <testcase name="postData" time="2.632" classname="BasicTests.Basic2"/>
  <testcase name="postanddeleteData" time="0.949" classname="BasicTests.Basic2"/>
  <testcase name="Test" time="1.185" classname="BasicTests.Basic3">
    <failure type="java.lang.AssertionError" message="1 expectation failed.
JSON path results[0].name doesn&amp;apos;t match.
Expected: Sydney Princess Cruises
  Actual: Magistic Cruises
">
      <![CDATA[java.lang.AssertionError: 1 expectation failed.
JSON path results[0].name doesn't match.
Expected: Sydney Princess Cruises
  Actual: Magistic Cruises

at org.codehaus.groovy.runtime.callsite.ConstructorSite$ConstructorSiteNoUnwrap.callConstructor(ConstructorSite.java:84)
at org.codehaus.groovy.runtime.callsite.CallSiteArray.defaultCallConstructor(CallSiteArray.java:60)
at org.codehaus.groovy.runtime.callsite.AbstractCallSite.callConstructor(AbstractCallSite.java:235)
at org.codehaus.groovy.runtime.callsite.AbstractCallSite.callConstructor(AbstractCallSite.java:247)
at io.restassured.internal.ResponseSpecificationImpl$HamcrestAssertionClosure.validate(ResponseSpecificationImpl.groovy:471)
at io.restassured.internal.ResponseSpecificationImpl$HamcrestAssertionClosure$validate$1.call(Unknown Source)
at io.restassured.internal.ResponseSpecificationImpl.validateResponseIfRequired(ResponseSpecificationImpl.groovy:636)
at org.codehaus.groovy.runtime.callsite.PogoMetaMethodSite$PogoCachedMethodSiteNoUnwrapNoCoerce.invoke(PogoMetaMethodSite.java:210)
at org.codehaus.groovy.runtime.callsite.PogoMetaMethodSite.callCurrent(PogoMetaMethodSite.java:59)
at org.codehaus.groovy.runtime.callsite.AbstractCallSite.callCurrent(AbstractCallSite.java:166)
at io.restassured.internal.ResponseSpecificationImpl.content(ResponseSpecificationImpl.groovy:265)
at io.restassured.specification.ResponseSpecification$content$1.callCurrent(Unknown Source)
at io.restassured.internal.ResponseSpecificationImpl.body(ResponseSpecificationImpl.groovy:248)
at io.restassured.internal.ValidatableResponseOptionsImpl.body(ValidatableResponseOptionsImpl.java:268)
at BasicTests.Basic3.Test(Basic3.java:45)
... Removed 39 stack frames]]>
    </failure>
  </testcase> <!-- Test -->
  <testcase name="postanddeleteData" time="0.943" classname="BasicTests.Basic3"/>
  <testcase name="Test" time="0.507" classname="BasicTests.Basic5">
    <failure type="java.lang.AssertionError" message="1 expectation failed.
JSON path results[0].name doesn&amp;apos;t match.
Expected: Sydney Princess Cruises
  Actual: Magistic Cruises
">
      <![CDATA[java.lang.AssertionError: 1 expectation failed.
JSON path results[0].name doesn't match.
Expected: Sydney Princess Cruises
  Actual: Magistic Cruises

at org.codehaus.groovy.runtime.callsite.ConstructorSite$ConstructorSiteNoUnwrap.callConstructor(ConstructorSite.java:84)
at org.codehaus.groovy.runtime.callsite.AbstractCallSite.callConstructor(AbstractCallSite.java:247)
at io.restassured.internal.ResponseSpecificationImpl$HamcrestAssertionClosure.validate(ResponseSpecificationImpl.groovy:471)
at io.restassured.internal.ResponseSpecificationImpl$HamcrestAssertionClosure$validate$1.call(Unknown Source)
at io.restassured.internal.ResponseSpecificationImpl.validateResponseIfRequired(ResponseSpecificationImpl.groovy:636)
at org.codehaus.groovy.runtime.callsite.PogoMetaMethodSite$PogoCachedMethodSiteNoUnwrapNoCoerce.invoke(PogoMetaMethodSite.java:210)
at org.codehaus.groovy.runtime.callsite.PogoMetaMethodSite.callCurrent(PogoMetaMethodSite.java:59)
at org.codehaus.groovy.runtime.callsite.AbstractCallSite.callCurrent(AbstractCallSite.java:166)
at io.restassured.internal.ResponseSpecificationImpl.content(ResponseSpecificationImpl.groovy:265)
at io.restassured.specification.ResponseSpecification$content$1.callCurrent(Unknown Source)
at io.restassured.internal.ResponseSpecificationImpl.body(ResponseSpecificationImpl.groovy:248)
at io.restassured.internal.ValidatableResponseOptionsImpl.body(ValidatableResponseOptionsImpl.java:268)
at BasicTests.Basic5.Test(Basic5.java:45)
... Removed 38 stack frames]]>
    </failure>
  </testcase> <!-- Test -->
  <testcase name="Test" time="0.543" classname="BasicTests.TestNG">
    <failure type="java.lang.AssertionError" message="1 expectation failed.
JSON path results[0].name doesn&amp;apos;t match.
Expected: Sydney Princess Cruises
  Actual: Magistic Cruises
">
      <![CDATA[java.lang.AssertionError: 1 expectation failed.
JSON path results[0].name doesn't match.
Expected: Sydney Princess Cruises
  Actual: Magistic Cruises

at org.codehaus.groovy.runtime.callsite.ConstructorSite$ConstructorSiteNoUnwrap.callConstructor(ConstructorSite.java:84)
at org.codehaus.groovy.runtime.callsite.AbstractCallSite.callConstructor(AbstractCallSite.java:247)
at io.restassured.internal.ResponseSpecificationImpl$HamcrestAssertionClosure.validate(ResponseSpecificationImpl.groovy:471)
at io.restassured.internal.ResponseSpecificationImpl$HamcrestAssertionClosure$validate$1.call(Unknown Source)
at io.restassured.internal.ResponseSpecificationImpl.validateResponseIfRequired(ResponseSpecificationImpl.groovy:636)
at org.codehaus.groovy.runtime.callsite.PogoMetaMethodSite$PogoCachedMethodSiteNoUnwrapNoCoerce.invoke(PogoMetaMethodSite.java:210)
at org.codehaus.groovy.runtime.callsite.PogoMetaMethodSite.callCurrent(PogoMetaMethodSite.java:59)
at org.codehaus.groovy.runtime.callsite.AbstractCallSite.callCurrent(AbstractCallSite.java:166)
at io.restassured.internal.ResponseSpecificationImpl.content(ResponseSpecificationImpl.groovy:265)
at io.restassured.specification.ResponseSpecification$content$1.callCurrent(Unknown Source)
at io.restassured.internal.ResponseSpecificationImpl.body(ResponseSpecificationImpl.groovy:248)
at io.restassured.internal.ValidatableResponseOptionsImpl.body(ValidatableResponseOptionsImpl.java:268)
at BasicTests.TestNG.Test(TestNG.java:24)
... Removed 38 stack frames]]>
    </failure>
  </testcase> <!-- Test -->
  <testcase name="commentIssue" time="0.516" classname="JIRAAPI.Jira"/>
  <testcase name="createIssue" time="0.421" classname="JIRAAPI.Jira"/>
  <testcase name="deteleIssue" time="0.303" classname="JIRAAPI.Jira"/>
  <testcase name="updateComment" time="0.839" classname="JIRAAPI.Jira"/>
  <testcase name="deleteTweet" time="0.974" classname="TWITTERAPI.twitter"/>
  <testcase name="getAllTweets" time="0.398" classname="TWITTERAPI.twitter"/>
  <testcase name="postTweet" time="0.516" classname="TWITTERAPI.twitter"/>
  <testcase name="Test" time="0.478" classname="BasicTests.Basic4XML"/>
  <testcase name="postanddeleteData" time="0.96" classname="BasicTests.Basic4XML"/>
</testsuite> <!-- Test -->
