<?xml version="1.0" encoding="UTF-8"?>
<testsuite xmlns:xsi="http://www.w3.org/2001/XMLSchema-instance" xsi:noNamespaceSchemaLocation="https://maven.apache.org/surefire/maven-surefire-plugin/xsd/surefire-test-report.xsd" name="TestSuite" time="21.257" tests="15" errors="0" skipped="0" failures="3">
  <properties>
[...]
</properties>
  <testcase name="postData" classname="BasicTests.Basic2" time="2.705"/>
  <testcase name="postanddeleteData" classname="BasicTests.Basic2" time="1.296"/>
  <testcase name="Test" classname="BasicTests.Basic3" time="1.253">
    <failure message="1 expectation failed.&#10;JSON path results[0].name doesn&apos;t match.&#10;Expected: Sydney Princess Cruises&#10;  Actual: Magistic Cruises&#10;" type="java.lang.AssertionError">java.lang.AssertionError: 
1 expectation failed.
JSON path results[0].name doesn't match.
Expected: Sydney Princess Cruises
  Actual: Magistic Cruises

	at BasicTests.Basic3.Test(Basic3.java:45)
</failure>
  </testcase>
  <testcase name="postanddeleteData" classname="BasicTests.Basic3" time="0.996"/>
  <testcase name="Test" classname="BasicTests.Basic5" time="0.513">
    <failure message="1 expectation failed.&#10;JSON path results[0].name doesn&apos;t match.&#10;Expected: Sydney Princess Cruises&#10;  Actual: Magistic Cruises&#10;" type="java.lang.AssertionError">java.lang.AssertionError: 
1 expectation failed.
JSON path results[0].name doesn't match.
Expected: Sydney Princess Cruises
  Actual: Magistic Cruises

	at BasicTests.Basic5.Test(Basic5.java:45)
</failure>
  </testcase>
  <testcase name="Test" classname="BasicTests.TestNG" time="0.64">
    <failure message="1 expectation failed.&#10;JSON path results[0].name doesn&apos;t match.&#10;Expected: Sydney Princess Cruises&#10;  Actual: Magistic Cruises&#10;" type="java.lang.AssertionError">java.lang.AssertionError: 
1 expectation failed.
JSON path results[0].name doesn't match.
Expected: Sydney Princess Cruises
  Actual: Magistic Cruises

	at BasicTests.TestNG.Test(TestNG.java:24)
</failure>
    <system-out><![CDATA[17:51:17.593 [main] INFO  Resources.listeners - failed on Test
]]></system-out>
  </testcase>
  <testcase name="commentIssue" classname="JIRAAPI.Jira" time="5.219"/>
  <testcase name="createIssue" classname="JIRAAPI.Jira" time="0.346"/>
  <testcase name="deteleIssue" classname="JIRAAPI.Jira" time="0.655"/>
  <testcase name="updateComment" classname="JIRAAPI.Jira" time="0.742"/>
  <testcase name="deleteTweet" classname="TWITTERAPI.twitter" time="1.749"/>
  <testcase name="getAllTweets" classname="TWITTERAPI.twitter" time="0.448"/>
  <testcase name="postTweet" classname="TWITTERAPI.twitter" time="0.829"/>
  <testcase name="Test" classname="BasicTests.Basic4XML" time="0.454"/>
  <testcase name="postanddeleteData" classname="BasicTests.Basic4XML" time="1.514"/>
</testsuite>