<?xml version="1.0" encoding="UTF-8"?>
<testng-results skipped="0" failed="0" ignored="0" total="3" passed="3">
  <reporter-output>
  </reporter-output>
  <suite name="Default suite" duration-ms="4910" started-at="2018-02-26T16:31:25Z" finished-at="2018-02-26T16:31:30Z">
    <groups>
    </groups>
    <test name="Default test" duration-ms="4910" started-at="2018-02-26T16:31:25Z" finished-at="2018-02-26T16:31:30Z">
      <class name="TWITTERAPI.twitter">
        <test-method status="PASS" signature="getData()[pri:0, instance:TWITTERAPI.twitter@59309333]" name="getData" is-config="true" duration-ms="10" started-at="2018-02-26T16:31:25Z" finished-at="2018-02-26T16:31:25Z">
          <reporter-output>
          </reporter-output>
        </test-method> <!-- getData -->
        <test-method status="PASS" signature="deleteTweet()[pri:0, instance:TWITTERAPI.twitter@59309333]" name="deleteTweet" duration-ms="3777" started-at="2018-02-26T16:31:25Z" finished-at="2018-02-26T16:31:29Z">
          <reporter-output>
          </reporter-output>
        </test-method> <!-- deleteTweet -->
        <test-method status="PASS" signature="getAllTweets()[pri:0, instance:TWITTERAPI.twitter@59309333]" name="getAllTweets" duration-ms="434" started-at="2018-02-26T16:31:29Z" finished-at="2018-02-26T16:31:29Z">
          <reporter-output>
          </reporter-output>
        </test-method> <!-- getAllTweets -->
        <test-method status="PASS" signature="postTweet()[pri:0, instance:TWITTERAPI.twitter@59309333]" name="postTweet" duration-ms="665" started-at="2018-02-26T16:31:29Z" finished-at="2018-02-26T16:31:30Z">
          <reporter-output>
          </reporter-output>
        </test-method> <!-- postTweet -->
      </class> <!-- TWITTERAPI.twitter -->
    </test> <!-- Default test -->
  </suite> <!-- Default suite -->
</testng-results>
